Arguments: 
  C:\Program Files\nodejs\node.exe C:\Users\mikae\AppData\Roaming\npm\node_modules\yarn\bin\yarn.js

PATH: 
  C:\app\mikae\product\18.0.0\dbhomeXE\bin;C:\Program Files\Common Files\Oracle\Java\javapath;C:\Program Files (x86)\Common Files\Oracle\Java\javapath;C:\WINDOWS\system32;C:\WINDOWS;C:\WINDOWS\System32\Wbem;C:\WINDOWS\System32\WindowsPowerShell\v1.0\;C:\WINDOWS\System32\OpenSSH\;C:\Program Files\dotnet\;C:\Program Files\Microsoft SQL Server\Client SDK\ODBC\170\Tools\Binn\;C:\WINDOWS\system32;C:\WINDOWS;C:\WINDOWS\System32\Wbem;C:\WINDOWS\System32\WindowsPowerShell\v1.0\;C:\WINDOWS\System32\OpenSSH\;C:\Program Files\nodejs\;C:\Program Files\Git\cmd;C:\Users\mikae\AppData\Local\Microsoft\WindowsApps;C:\Users\mikae\AppData\Local\Programs\Microsoft VS Code\bin;C:\Users\mikae\.dotnet\tools;C:\flutter\bin;;C:\Users\mikae\AppData\Local\Programs\Hyper\resources\bin;C:\Users\mikae\AppData\Roaming\npm

Yarn version: 
  1.22.18

Node version: 
  18.16.0

Platform: 
  win32 x64

Trace: 
  SyntaxError: C:\Users\mikae\OneDrive\Área de Trabalho\Projeto_faculdade\package.json: Unexpected token } in JSON at position 241
      at JSON.parse (<anonymous>)
      at C:\Users\mikae\AppData\Roaming\npm\node_modules\yarn\lib\cli.js:1625:59
      at Generator.next (<anonymous>)
      at step (C:\Users\mikae\AppData\Roaming\npm\node_modules\yarn\lib\cli.js:310:30)
      at C:\Users\mikae\AppData\Roaming\npm\node_modules\yarn\lib\cli.js:321:13

npm manifest: 
  {
    "name": "projeto_faculdade",
    "version": "1.0.0",
    "main": "app.js",
    "author": "Mikaelisson Gesuino",
    "license": "MIT",
    "scripts": {
      "start": "node server/app.js",
      "postinstall": "concurrently \"cd ./server && yarn\"",
    },
    "dependencies": {
      "dotenv": "^16.0.3"
    }
  }

yarn manifest: 
  No manifest

Lockfile: 
  # THIS IS AN AUTOGENERATED FILE. DO NOT EDIT THIS FILE DIRECTLY.
  # yarn lockfile v1
  
  
  dotenv@^16.0.3:
    version "16.0.3"
    resolved "https://registry.npmjs.org/dotenv/-/dotenv-16.0.3.tgz"
    integrity sha512-7GO6HghkA5fYG9TYnNxi14/7K9f5occMlp3zXAuSxn7CKCxt9xbNWG7yF8hTCSUchlfWSe3uLmlPfigevRItzQ==
